
> sargodha-citrus-ops@0.1.0 dev
> next dev

  ▲ Next.js 14.2.35
  - Local:        http://localhost:3000

 ✓ Starting...
Attention: Next.js now collects completely anonymous telemetry regarding usage.
This information is used to shape Next.js' roadmap and prioritize features.
You can learn more, including how to opt-out if you'd not like to participate in this anonymous program, by visiting the following URL:
https://nextjs.org/telemetry

> [PWA] PWA support is disabled
> [PWA] PWA support is disabled
 ✓ Ready in 2.9s
 ○ Compiling / ...
 ✓ Compiled / in 7.9s (636 modules)
 HEAD / 200 in 8498ms
 ✓ Compiled in 909ms (302 modules)
 ○ Compiling /login ...
 ✓ Compiled /login in 1616ms (732 modules)
 GET /login 200 in 2017ms
 GET / 200 in 63ms
 GET /login 200 in 92ms
 GET / 200 in 69ms
 ✓ Compiled / in 336ms (317 modules)
 ✓ Compiled /_not-found in 360ms (671 modules)
 HEAD / 404 in 931ms
 GET / 404 in 49ms
 GET /_next/static/css/app/layout.css?v=1767415631701 404 in 75ms
 GET /_next/static/media/4473ecc91f70f139-s.p.woff 404 in 131ms
 GET /_next/static/media/463dafcda517f24f-s.p.woff 404 in 132ms
 GET /_next/static/chunks/app-pages-internals.js 404 in 89ms
 GET /_next/static/chunks/main-app.js?v=1767415631701 404 in 101ms
 GET /_next/static/chunks/app/layout.js 404 in 64ms
<w> [webpack.cache.PackFileCacheStrategy] Caching failed for pack: Error: ENOENT: no such file or directory, lstat '/app/.next/server/app/(auth)/login/page.js'
<w> [webpack.cache.PackFileCacheStrategy/webpack.FileSystemInfo] Resolving '../../../../.next/server/app/(auth)/login/page' in /app/node_modules/next/dist/server for build dependencies doesn't lead to expected result '/app/.next/server/app/(auth)/login/page.js', but to 'Error: Can't resolve '../../../../.next/server/app/(auth)/login/page' in '/app/node_modules/next/dist/server'' instead. Resolving dependencies are ignored for this path.
<w>  at resolve commonjs file ../../../../.next/server/app/(auth)/login/page (expected /app/.next/server/app/(auth)/login/page.js)
<w>  at file dependencies /app/node_modules/next/dist/server/require.js
<w>  at file /app/node_modules/next/dist/server/require.js
<w>  at file dependencies /app/node_modules/next/dist/server/load-components.js
<w>  at file /app/node_modules/next/dist/server/load-components.js
<w>  at file dependencies /app/node_modules/next/dist/build/utils.js
<w>  at file /app/node_modules/next/dist/build/utils.js
<w>  at file dependencies /app/node_modules/next/dist/build/handle-externals.js
<w>  at file /app/node_modules/next/dist/build/handle-externals.js
<w>  at file dependencies /app/node_modules/next/dist/build/webpack/loaders/next-swc-loader.js
<w>  at file /app/node_modules/next/dist/build/webpack/loaders/next-swc-loader.js
<w>  at resolve commonjs /app/node_modules/next/dist/build/webpack/loaders/next-swc-loader.js
 ✓ Compiled in 580ms (350 modules)
 ✓ Compiled in 12ms
 ✓ Compiled in 1459ms (355 modules)
 ✓ Compiled in 408ms (350 modules)
 ✓ Compiled in 731ms (350 modules)
 ⚠ Found a change in next.config.mjs. Restarting the server to apply the changes...
  ▲ Next.js 14.2.35
  - Local:        http://localhost:3000

 ✓ Starting...
> [PWA] PWA support is disabled
> [PWA] PWA support is disabled
 ✓ Ready in 7.5s
 ⚠ Found a change in next.config.mjs. Restarting the server to apply the changes...
  ▲ Next.js 14.2.35
  - Local:        http://localhost:3000

 ✓ Starting...
> [PWA] PWA support is disabled
> [PWA] PWA support is disabled
 ✓ Ready in 8.6s
 ⚠ Found a change in next.config.mjs. Restarting the server to apply the changes...
  ▲ Next.js 14.2.35
  - Local:        http://localhost:3000

 ✓ Starting...
> [PWA] PWA support is disabled
> [PWA] PWA support is disabled
 ✓ Ready in 6.6s
